<?xml version="1.0" encoding="UTF-8" ?>
<testsuite tests="4" failures="0" name="calculadora.CalculadoraTest" time="0.005" errors="0" skipped="0">
  <properties>
[...]
</properties>
  <testcase classname="calculadora.CalculadoraTest" name="testSumar" time="0.005"/>
  <testcase classname="calculadora.CalculadoraTest" name="testMultiplicar" time="0"/>
  <testcase classname="calculadora.CalculadoraTest" name="testDividir" time="0"/>
  <testcase classname="calculadora.CalculadoraTest" name="testRestar" time="0"/>
</testsuite>